  ApplyRecruitment.cpp
  ApplyRecruitmentUI.cpp
  CompanyMember.cpp
  CreateRecruitment.cpp
  CreateRecruitmentUI.cpp
  GeneralMember.cpp
  LogIn.cpp
  LogInUI.cpp
  LogOut.cpp
  LogOutUI.cpp
  Member.cpp
  ReadApplication.cpp
  ReadApplicationUI.cpp
  ReadRecruitment.cpp
  ReadRecruitmentUI.cpp
  Register.cpp
  RegisterUI.cpp
  SearchRecruitment.cpp
  SearchRecruitmentUI.cpp
  Unregister.cpp
  코드를 생성하고 있습니다...
D:\NJA\SoftwareEngineering\hw3\hw3\Unregister.cpp(14): warning C4172: 지역 변수 또는 임시: deletedID의 주소를 반환하고 있습니다.
D:\NJA\SoftwareEngineering\hw3\hw3\Member.cpp(82): warning C4715: 'MemberList::checkLogIn': 모든 제어 경로에서 값을 반환하지는 않습니다.
D:\NJA\SoftwareEngineering\hw3\hw3\Member.cpp(94): warning C4715: 'MemberList::searchCompanyMember': 모든 제어 경로에서 값을 반환하지는 않습니다.
D:\NJA\SoftwareEngineering\hw3\hw3\Member.cpp(104): warning C4715: 'MemberList::searchCompanyMemberByIdNumber': 모든 제어 경로에서 값을 반환하지는 않습니다.
  컴파일하고 있습니다...
  UnregisterUI.cpp
  main.cpp
  코드를 생성하고 있습니다...
  Project1.vcxproj -> D:\NJA\SoftwareEngineering\hw3\hw3\Project1\x64\Debug\Project1.exe
